08:02:02.827 [ApplicationImpl pooled thread 867] INFO  c.b.l.BrowserStackRunExtension - testng
08:02:02.828 [ApplicationImpl pooled thread 867] INFO  com.browserstack.utils.Helpers - null
08:02:02.828 [ApplicationImpl pooled thread 867] INFO  c.b.l.BrowserStackRunExtension - Agent path: null
08:07:51.518 [ApplicationImpl pooled thread 874] INFO  c.b.l.BrowserStackRunExtension - testng
08:07:51.518 [ApplicationImpl pooled thread 874] INFO  com.browserstack.utils.Helpers - null
08:07:51.519 [ApplicationImpl pooled thread 874] INFO  c.b.l.BrowserStackRunExtension - Agent path: null
08:10:44.690 [ApplicationImpl pooled thread 878] INFO  c.b.l.BrowserStackRunExtension - testng
08:10:44.690 [ApplicationImpl pooled thread 878] INFO  com.browserstack.utils.Helpers - null
08:10:44.696 [ApplicationImpl pooled thread 878] INFO  c.b.l.BrowserStackRunExtension - Agent path: null
08:11:54.133 [ApplicationImpl pooled thread 880] INFO  c.b.l.BrowserStackRunExtension - testng
08:11:54.133 [ApplicationImpl pooled thread 880] INFO  com.browserstack.utils.Helpers - null
08:11:54.134 [ApplicationImpl pooled thread 880] INFO  c.b.l.BrowserStackRunExtension - Agent path: null
08:12:26.041 [ApplicationImpl pooled thread 879] INFO  c.b.l.BrowserStackRunExtension - testng
08:12:26.041 [ApplicationImpl pooled thread 879] INFO  com.browserstack.utils.Helpers - null
08:12:26.042 [ApplicationImpl pooled thread 879] INFO  c.b.l.BrowserStackRunExtension - Agent path: null
08:13:17.154 [ApplicationImpl pooled thread 883] INFO  c.b.l.BrowserStackRunExtension - testng
08:13:17.154 [ApplicationImpl pooled thread 883] INFO  com.browserstack.utils.Helpers - null
08:13:17.154 [ApplicationImpl pooled thread 883] INFO  c.b.l.BrowserStackRunExtension - Agent path: null
08:15:12.873 [ApplicationImpl pooled thread 886] INFO  c.b.l.BrowserStackRunExtension - testng
08:15:12.874 [ApplicationImpl pooled thread 886] INFO  com.browserstack.utils.Helpers - null
08:15:12.874 [ApplicationImpl pooled thread 886] INFO  c.b.l.BrowserStackRunExtension - Agent path: null
08:15:41.878 [ApplicationImpl pooled thread 884] INFO  c.b.l.BrowserStackRunExtension - testng
08:15:41.878 [ApplicationImpl pooled thread 884] INFO  com.browserstack.utils.Helpers - null
08:15:41.879 [ApplicationImpl pooled thread 884] INFO  c.b.l.BrowserStackRunExtension - Agent path: null
08:15:51.436 [ApplicationImpl pooled thread 886] INFO  c.b.l.BrowserStackRunExtension - testng
08:15:51.437 [ApplicationImpl pooled thread 886] INFO  com.browserstack.utils.Helpers - null
08:15:51.439 [ApplicationImpl pooled thread 886] INFO  c.b.l.BrowserStackRunExtension - Agent path: null
08:22:13.951 [ApplicationImpl pooled thread 871] INFO  c.b.l.BrowserStackRunExtension - testng
08:22:13.952 [ApplicationImpl pooled thread 871] INFO  com.browserstack.utils.Helpers - null
08:22:13.952 [ApplicationImpl pooled thread 871] INFO  c.b.l.BrowserStackRunExtension - Agent path: null
08:22:57.006 [ApplicationImpl pooled thread 892] INFO  c.b.l.BrowserStackRunExtension - testng
08:22:57.006 [ApplicationImpl pooled thread 892] INFO  com.browserstack.utils.Helpers - null
08:22:57.006 [ApplicationImpl pooled thread 892] INFO  c.b.l.BrowserStackRunExtension - Agent path: null
08:23:44.130 [ApplicationImpl pooled thread 885] INFO  c.b.l.BrowserStackRunExtension - testng
08:23:44.130 [ApplicationImpl pooled thread 885] INFO  com.browserstack.utils.Helpers - null
08:23:44.131 [ApplicationImpl pooled thread 885] INFO  c.b.l.BrowserStackRunExtension - Agent path: null
08:24:44.810 [ApplicationImpl pooled thread 885] INFO  c.b.l.BrowserStackRunExtension - testng
08:24:44.810 [ApplicationImpl pooled thread 885] INFO  com.browserstack.utils.Helpers - null
08:24:44.811 [ApplicationImpl pooled thread 885] INFO  c.b.l.BrowserStackRunExtension - Agent path: null
08:25:11.173 [ApplicationImpl pooled thread 885] INFO  c.b.l.BrowserStackRunExtension - testng
08:25:11.174 [ApplicationImpl pooled thread 885] INFO  com.browserstack.utils.Helpers - null
08:25:11.174 [ApplicationImpl pooled thread 885] INFO  c.b.l.BrowserStackRunExtension - Agent path: null
08:26:35.151 [ApplicationImpl pooled thread 871] INFO  c.b.l.BrowserStackRunExtension - testng
08:26:35.151 [ApplicationImpl pooled thread 871] INFO  com.browserstack.utils.Helpers - null
08:26:35.151 [ApplicationImpl pooled thread 871] INFO  c.b.l.BrowserStackRunExtension - Agent path: null
08:27:43.290 [ApplicationImpl pooled thread 890] INFO  c.b.l.BrowserStackRunExtension - testng
08:27:43.290 [ApplicationImpl pooled thread 890] INFO  com.browserstack.utils.Helpers - null
08:27:43.290 [ApplicationImpl pooled thread 890] INFO  c.b.l.BrowserStackRunExtension - Agent path: null
08:29:38.401 [ApplicationImpl pooled thread 890] INFO  c.b.l.BrowserStackRunExtension - testng
08:29:38.401 [ApplicationImpl pooled thread 890] INFO  com.browserstack.utils.Helpers - null
08:29:38.401 [ApplicationImpl pooled thread 890] INFO  c.b.l.BrowserStackRunExtension - Agent path: null
08:31:54.598 [ApplicationImpl pooled thread 871] INFO  c.b.l.BrowserStackRunExtension - testng
08:31:54.598 [ApplicationImpl pooled thread 871] INFO  com.browserstack.utils.Helpers - null
08:31:54.598 [ApplicationImpl pooled thread 871] INFO  c.b.l.BrowserStackRunExtension - Agent path: null
08:33:10.176 [ApplicationImpl pooled thread 885] INFO  c.b.l.BrowserStackRunExtension - testng
08:33:10.176 [ApplicationImpl pooled thread 885] INFO  com.browserstack.utils.Helpers - null
08:33:10.176 [ApplicationImpl pooled thread 885] INFO  c.b.l.BrowserStackRunExtension - Agent path: null
08:45:47.070 [ApplicationImpl pooled thread 903] INFO  c.b.l.BrowserStackRunExtension - testng
08:45:47.070 [ApplicationImpl pooled thread 903] INFO  com.browserstack.utils.Helpers - null
08:45:47.070 [ApplicationImpl pooled thread 903] INFO  c.b.l.BrowserStackRunExtension - Agent path: null
08:46:52.467 [ApplicationImpl pooled thread 913] INFO  c.b.l.BrowserStackRunExtension - testng
08:46:52.467 [ApplicationImpl pooled thread 913] INFO  com.browserstack.utils.Helpers - null
08:46:52.467 [ApplicationImpl pooled thread 913] INFO  c.b.l.BrowserStackRunExtension - Agent path: null
08:56:23.132 [ApplicationImpl pooled thread 918] INFO  c.b.l.BrowserStackRunExtension - testng
08:56:23.132 [ApplicationImpl pooled thread 918] INFO  com.browserstack.utils.Helpers - null
08:56:23.133 [ApplicationImpl pooled thread 918] INFO  c.b.l.BrowserStackRunExtension - Agent path: null
09:09:49.162 [ApplicationImpl pooled thread 932] INFO  c.b.l.BrowserStackRunExtension - testng
09:09:49.162 [ApplicationImpl pooled thread 932] INFO  com.browserstack.utils.Helpers - null
09:09:49.163 [ApplicationImpl pooled thread 932] INFO  c.b.l.BrowserStackRunExtension - Agent path: null
09:12:32.948 [ApplicationImpl pooled thread 936] INFO  c.b.l.BrowserStackRunExtension - testng
09:12:32.948 [ApplicationImpl pooled thread 936] INFO  com.browserstack.utils.Helpers - null
09:12:32.949 [ApplicationImpl pooled thread 936] INFO  c.b.l.BrowserStackRunExtension - Agent path: null
09:12:47.987 [ApplicationImpl pooled thread 931] INFO  c.b.l.BrowserStackRunExtension - testng
09:12:47.987 [ApplicationImpl pooled thread 931] INFO  com.browserstack.utils.Helpers - null
09:12:47.987 [ApplicationImpl pooled thread 931] INFO  c.b.l.BrowserStackRunExtension - Agent path: null
09:24:41.363 [ApplicationImpl pooled thread 951] INFO  c.b.l.BrowserStackRunExtension - testng
09:24:41.363 [ApplicationImpl pooled thread 951] INFO  com.browserstack.utils.Helpers - null
09:24:41.365 [ApplicationImpl pooled thread 951] INFO  c.b.l.BrowserStackRunExtension - Agent path: null
09:26:07.087 [ApplicationImpl pooled thread 950] INFO  c.b.l.BrowserStackRunExtension - testng
09:26:07.087 [ApplicationImpl pooled thread 950] INFO  com.browserstack.utils.Helpers - null
09:26:07.087 [ApplicationImpl pooled thread 950] INFO  c.b.l.BrowserStackRunExtension - Agent path: null
09:26:46.429 [ApplicationImpl pooled thread 948] INFO  c.b.l.BrowserStackRunExtension - testng
09:26:46.429 [ApplicationImpl pooled thread 948] INFO  com.browserstack.utils.Helpers - null
09:26:46.429 [ApplicationImpl pooled thread 948] INFO  c.b.l.BrowserStackRunExtension - Agent path: null
09:33:59.715 [ApplicationImpl pooled thread 958] INFO  c.b.l.BrowserStackRunExtension - testng
09:33:59.715 [ApplicationImpl pooled thread 958] INFO  com.browserstack.utils.Helpers - null
09:33:59.717 [ApplicationImpl pooled thread 958] INFO  c.b.l.BrowserStackRunExtension - Agent path: null
09:34:36.339 [ApplicationImpl pooled thread 963] INFO  c.b.l.BrowserStackRunExtension - testng
09:34:36.339 [ApplicationImpl pooled thread 963] INFO  com.browserstack.utils.Helpers - null
09:34:36.339 [ApplicationImpl pooled thread 963] INFO  c.b.l.BrowserStackRunExtension - Agent path: null
09:50:27.938 [ApplicationImpl pooled thread 975] INFO  c.b.l.BrowserStackRunExtension - testng
09:50:27.938 [ApplicationImpl pooled thread 975] INFO  com.browserstack.utils.Helpers - null
09:50:27.939 [ApplicationImpl pooled thread 975] INFO  c.b.l.BrowserStackRunExtension - Agent path: null
10:15:57.042 [ApplicationImpl pooled thread 992] INFO  c.b.l.BrowserStackRunExtension - testng
10:15:57.042 [ApplicationImpl pooled thread 992] INFO  com.browserstack.utils.Helpers - null
10:15:57.044 [ApplicationImpl pooled thread 992] INFO  c.b.l.BrowserStackRunExtension - Agent path: null
10:17:46.933 [ApplicationImpl pooled thread 1006] INFO  c.b.l.BrowserStackRunExtension - testng
10:17:46.933 [ApplicationImpl pooled thread 1006] INFO  com.browserstack.utils.Helpers - null
10:17:46.934 [ApplicationImpl pooled thread 1006] INFO  c.b.l.BrowserStackRunExtension - Agent path: null
10:18:36.402 [ApplicationImpl pooled thread 1006] INFO  c.b.l.BrowserStackRunExtension - testng
10:18:36.402 [ApplicationImpl pooled thread 1006] INFO  com.browserstack.utils.Helpers - null
10:18:36.403 [ApplicationImpl pooled thread 1006] INFO  c.b.l.BrowserStackRunExtension - Agent path: null
10:19:57.140 [ApplicationImpl pooled thread 1009] INFO  c.b.l.BrowserStackRunExtension - testng
10:19:57.140 [ApplicationImpl pooled thread 1009] INFO  com.browserstack.utils.Helpers - null
10:19:57.140 [ApplicationImpl pooled thread 1009] INFO  c.b.l.BrowserStackRunExtension - Agent path: null
10:21:10.195 [ApplicationImpl pooled thread 1013] INFO  c.b.l.BrowserStackRunExtension - testng
10:21:10.195 [ApplicationImpl pooled thread 1013] INFO  com.browserstack.utils.Helpers - null
10:21:10.195 [ApplicationImpl pooled thread 1013] INFO  c.b.l.BrowserStackRunExtension - Agent path: null
10:22:12.079 [ApplicationImpl pooled thread 1015] INFO  c.b.l.BrowserStackRunExtension - testng
10:22:12.079 [ApplicationImpl pooled thread 1015] INFO  com.browserstack.utils.Helpers - null
10:22:12.080 [ApplicationImpl pooled thread 1015] INFO  c.b.l.BrowserStackRunExtension - Agent path: null
10:25:10.068 [ApplicationImpl pooled thread 1015] INFO  c.b.l.BrowserStackRunExtension - testng
10:25:10.068 [ApplicationImpl pooled thread 1015] INFO  com.browserstack.utils.Helpers - null
10:25:10.068 [ApplicationImpl pooled thread 1015] INFO  c.b.l.BrowserStackRunExtension - Agent path: null
10:30:50.104 [ApplicationImpl pooled thread 1021] INFO  c.b.l.BrowserStackRunExtension - testng
10:30:50.104 [ApplicationImpl pooled thread 1021] INFO  com.browserstack.utils.Helpers - null
10:30:50.106 [ApplicationImpl pooled thread 1021] INFO  c.b.l.BrowserStackRunExtension - Agent path: null
10:35:25.296 [ApplicationImpl pooled thread 1028] INFO  c.b.l.BrowserStackRunExtension - testng
10:35:25.296 [ApplicationImpl pooled thread 1028] INFO  com.browserstack.utils.Helpers - null
10:35:25.296 [ApplicationImpl pooled thread 1028] INFO  c.b.l.BrowserStackRunExtension - Agent path: null
10:35:59.397 [AWT-EventQueue-0] INFO  c.b.actions.DisableBrowserStack - Setting disable browserstack run update
10:35:59.451 [AWT-EventQueue-0] INFO  c.b.actions.EnableBrowserStack - Setting enable browserstack run update
10:36:02.303 [AWT-EventQueue-0] INFO  c.b.actions.DisableBrowserStack - Setting disable browserstack run update
10:36:02.314 [AWT-EventQueue-0] INFO  c.b.actions.EnableBrowserStack - Setting enable browserstack run update
10:36:18.506 [ApplicationImpl pooled thread 1035] INFO  c.b.l.BrowserStackRunExtension - testng
10:36:18.506 [ApplicationImpl pooled thread 1035] INFO  com.browserstack.utils.Helpers - null
10:36:18.506 [ApplicationImpl pooled thread 1035] INFO  c.b.l.BrowserStackRunExtension - Agent path: null
10:37:40.911 [ApplicationImpl pooled thread 1040] INFO  c.b.l.BrowserStackRunExtension - testng
10:37:40.911 [ApplicationImpl pooled thread 1040] INFO  com.browserstack.utils.Helpers - null
10:37:40.914 [ApplicationImpl pooled thread 1040] INFO  c.b.l.BrowserStackRunExtension - Agent path: null
10:49:51.190 [ApplicationImpl pooled thread 1039] INFO  c.b.l.BrowserStackRunExtension - testng
10:49:51.190 [ApplicationImpl pooled thread 1039] INFO  com.browserstack.utils.Helpers - null
10:49:51.191 [ApplicationImpl pooled thread 1039] INFO  c.b.l.BrowserStackRunExtension - Agent path: null
10:51:09.713 [ApplicationImpl pooled thread 1058] INFO  c.b.l.BrowserStackRunExtension - testng
10:51:09.713 [ApplicationImpl pooled thread 1058] INFO  com.browserstack.utils.Helpers - null
10:51:09.713 [ApplicationImpl pooled thread 1058] INFO  c.b.l.BrowserStackRunExtension - Agent path: null
10:53:10.198 [ApplicationImpl pooled thread 1050] INFO  c.b.l.BrowserStackRunExtension - testng
10:53:10.198 [ApplicationImpl pooled thread 1050] INFO  com.browserstack.utils.Helpers - null
10:53:10.198 [ApplicationImpl pooled thread 1050] INFO  c.b.l.BrowserStackRunExtension - Agent path: null
10:54:03.843 [ApplicationImpl pooled thread 1061] INFO  c.b.l.BrowserStackRunExtension - testng
10:54:03.843 [ApplicationImpl pooled thread 1061] INFO  com.browserstack.utils.Helpers - null
10:54:03.845 [ApplicationImpl pooled thread 1061] INFO  c.b.l.BrowserStackRunExtension - Agent path: null
10:54:43.748 [ApplicationImpl pooled thread 1061] INFO  c.b.l.BrowserStackRunExtension - testng
10:54:43.748 [ApplicationImpl pooled thread 1061] INFO  com.browserstack.utils.Helpers - null
10:54:43.750 [ApplicationImpl pooled thread 1061] INFO  c.b.l.BrowserStackRunExtension - Agent path: null
10:55:00.308 [ApplicationImpl pooled thread 1059] INFO  c.b.l.BrowserStackRunExtension - testng
10:55:00.308 [ApplicationImpl pooled thread 1059] INFO  com.browserstack.utils.Helpers - null
10:55:00.310 [ApplicationImpl pooled thread 1059] INFO  c.b.l.BrowserStackRunExtension - Agent path: null
10:55:18.675 [ApplicationImpl pooled thread 1061] INFO  c.b.l.BrowserStackRunExtension - testng
10:55:18.675 [ApplicationImpl pooled thread 1061] INFO  com.browserstack.utils.Helpers - null
10:55:18.677 [ApplicationImpl pooled thread 1061] INFO  c.b.l.BrowserStackRunExtension - Agent path: null
10:56:06.058 [ApplicationImpl pooled thread 1060] INFO  c.b.l.BrowserStackRunExtension - testng
10:56:06.058 [ApplicationImpl pooled thread 1060] INFO  com.browserstack.utils.Helpers - null
10:56:06.059 [ApplicationImpl pooled thread 1060] INFO  c.b.l.BrowserStackRunExtension - Agent path: null
10:56:18.162 [ApplicationImpl pooled thread 1060] INFO  c.b.l.BrowserStackRunExtension - testng
10:56:18.163 [ApplicationImpl pooled thread 1060] INFO  com.browserstack.utils.Helpers - null
10:56:18.165 [ApplicationImpl pooled thread 1060] INFO  c.b.l.BrowserStackRunExtension - Agent path: null
10:57:06.773 [ApplicationImpl pooled thread 1063] INFO  c.b.l.BrowserStackRunExtension - testng
10:57:06.773 [ApplicationImpl pooled thread 1063] INFO  com.browserstack.utils.Helpers - null
10:57:06.775 [ApplicationImpl pooled thread 1063] INFO  c.b.l.BrowserStackRunExtension - Agent path: null
10:57:18.083 [ApplicationImpl pooled thread 1050] INFO  c.b.l.BrowserStackRunExtension - testng
10:57:18.084 [ApplicationImpl pooled thread 1050] INFO  com.browserstack.utils.Helpers - null
10:57:18.084 [ApplicationImpl pooled thread 1050] INFO  c.b.l.BrowserStackRunExtension - Agent path: null
13:20:54.575 [ApplicationImpl pooled thread 1070] INFO  c.b.l.BrowserStackRunExtension - maven
13:20:54.575 [ApplicationImpl pooled thread 1070] INFO  com.browserstack.utils.Helpers - null
08:58:01.787 [ApplicationImpl pooled thread 1363] INFO  c.b.l.BrowserStackRunExtension - maven
08:58:01.787 [ApplicationImpl pooled thread 1363] INFO  com.browserstack.utils.Helpers - null
08:58:09.638 [ApplicationImpl pooled thread 1363] INFO  c.b.l.BrowserStackRunExtension - maven
08:58:09.638 [ApplicationImpl pooled thread 1363] INFO  com.browserstack.utils.Helpers - null
10:16:29.625 [ApplicationImpl pooled thread 1425] INFO  c.b.l.BrowserStackRunExtension - testng
10:16:29.651 [ApplicationImpl pooled thread 1425] INFO  com.browserstack.utils.Helpers - null
10:16:29.652 [ApplicationImpl pooled thread 1425] INFO  c.b.l.BrowserStackRunExtension - Agent path: null
10:17:41.735 [ApplicationImpl pooled thread 1425] INFO  c.b.l.BrowserStackRunExtension - testng
10:17:41.735 [ApplicationImpl pooled thread 1425] INFO  com.browserstack.utils.Helpers - null
10:17:41.735 [ApplicationImpl pooled thread 1425] INFO  c.b.l.BrowserStackRunExtension - Agent path: null
11:32:40.709 [ApplicationImpl pooled thread 1450] INFO  c.b.l.BrowserStackRunExtension - application
11:32:40.709 [ApplicationImpl pooled thread 1450] INFO  com.browserstack.utils.Helpers - null
14:59:45.326 [ApplicationImpl pooled thread 1508] INFO  c.b.l.BrowserStackRunExtension - application
14:59:45.326 [ApplicationImpl pooled thread 1508] INFO  com.browserstack.utils.Helpers - null
15:02:19.491 [ApplicationImpl pooled thread 1510] INFO  c.b.l.BrowserStackRunExtension - testng
15:02:19.491 [ApplicationImpl pooled thread 1510] INFO  com.browserstack.utils.Helpers - null
15:02:19.492 [ApplicationImpl pooled thread 1510] INFO  c.b.l.BrowserStackRunExtension - Agent path: null
15:03:14.447 [AWT-EventQueue-0] INFO  c.b.actions.DisableBrowserStack - Setting disable browserstack run update
15:03:14.454 [AWT-EventQueue-0] INFO  c.b.actions.EnableBrowserStack - Setting enable browserstack run update
15:03:22.119 [AWT-EventQueue-0] INFO  c.b.actions.DisableBrowserStack - Setting disable browserstack run update
15:03:22.137 [AWT-EventQueue-0] INFO  c.b.actions.EnableBrowserStack - Setting enable browserstack run update
15:04:57.274 [ApplicationImpl pooled thread 1523] INFO  c.b.l.BrowserStackRunExtension - testng
15:04:57.274 [ApplicationImpl pooled thread 1523] INFO  com.browserstack.utils.Helpers - null
15:04:57.275 [ApplicationImpl pooled thread 1523] INFO  c.b.l.BrowserStackRunExtension - Agent path: null
15:05:26.707 [AWT-EventQueue-0] INFO  c.b.actions.DisableBrowserStack - Setting disable browserstack run update
15:05:26.721 [AWT-EventQueue-0] INFO  c.b.actions.EnableBrowserStack - Setting enable browserstack run update
15:08:46.345 [ApplicationImpl pooled thread 1520] INFO  c.b.l.BrowserStackRunExtension - testng
15:08:46.345 [ApplicationImpl pooled thread 1520] INFO  com.browserstack.utils.Helpers - null
15:08:46.347 [ApplicationImpl pooled thread 1520] INFO  c.b.l.BrowserStackRunExtension - Agent path: null
15:10:10.190 [ApplicationImpl pooled thread 1529] INFO  c.b.l.BrowserStackRunExtension - testng
15:10:10.190 [ApplicationImpl pooled thread 1529] INFO  com.browserstack.utils.Helpers - null
15:10:10.190 [ApplicationImpl pooled thread 1529] INFO  c.b.l.BrowserStackRunExtension - Agent path: null
15:11:31.363 [ApplicationImpl pooled thread 1531] INFO  c.b.l.BrowserStackRunExtension - testng
15:11:31.363 [ApplicationImpl pooled thread 1531] INFO  com.browserstack.utils.Helpers - null
15:11:31.363 [ApplicationImpl pooled thread 1531] INFO  c.b.l.BrowserStackRunExtension - Agent path: null
15:24:50.075 [ApplicationImpl pooled thread 1541] INFO  c.b.l.BrowserStackRunExtension - testng
15:24:50.075 [ApplicationImpl pooled thread 1541] INFO  com.browserstack.utils.Helpers - null
15:24:50.076 [ApplicationImpl pooled thread 1541] INFO  c.b.l.BrowserStackRunExtension - Agent path: null
15:27:43.728 [ApplicationImpl pooled thread 1535] INFO  c.b.l.BrowserStackRunExtension - testng
15:27:43.728 [ApplicationImpl pooled thread 1535] INFO  com.browserstack.utils.Helpers - null
15:27:43.728 [ApplicationImpl pooled thread 1535] INFO  c.b.l.BrowserStackRunExtension - Agent path: null
15:28:12.949 [ApplicationImpl pooled thread 1546] INFO  c.b.l.BrowserStackRunExtension - testng
15:28:12.949 [ApplicationImpl pooled thread 1546] INFO  com.browserstack.utils.Helpers - null
15:28:12.949 [ApplicationImpl pooled thread 1546] INFO  c.b.l.BrowserStackRunExtension - Agent path: null
15:32:20.888 [ApplicationImpl pooled thread 1542] INFO  c.b.l.BrowserStackRunExtension - testng
15:32:20.889 [ApplicationImpl pooled thread 1542] INFO  com.browserstack.utils.Helpers - null
15:32:20.890 [ApplicationImpl pooled thread 1542] INFO  c.b.l.BrowserStackRunExtension - Agent path: null
15:36:09.615 [ApplicationImpl pooled thread 1537] INFO  c.b.l.BrowserStackRunExtension - testng
15:36:09.616 [ApplicationImpl pooled thread 1537] INFO  com.browserstack.utils.Helpers - null
15:36:09.616 [ApplicationImpl pooled thread 1537] INFO  c.b.l.BrowserStackRunExtension - Agent path: null
07:34:54.030 [ApplicationImpl pooled thread 1768] INFO  c.b.l.BrowserStackRunExtension - testng
07:34:54.049 [ApplicationImpl pooled thread 1768] INFO  com.browserstack.utils.Helpers - null
07:34:54.050 [ApplicationImpl pooled thread 1768] INFO  c.b.l.BrowserStackRunExtension - Agent path: null
07:42:07.151 [ApplicationImpl pooled thread 1773] INFO  c.b.l.BrowserStackRunExtension - maven
07:42:07.151 [ApplicationImpl pooled thread 1773] INFO  com.browserstack.utils.Helpers - null
07:42:13.018 [ApplicationImpl pooled thread 1777] INFO  c.b.l.BrowserStackRunExtension - maven
07:42:13.018 [ApplicationImpl pooled thread 1777] INFO  com.browserstack.utils.Helpers - null
07:42:20.432 [ApplicationImpl pooled thread 1777] INFO  c.b.l.BrowserStackRunExtension - maven
07:42:20.432 [ApplicationImpl pooled thread 1777] INFO  com.browserstack.utils.Helpers - null
08:49:50.226 [ApplicationImpl pooled thread 1805] INFO  c.b.l.BrowserStackRunExtension - testng
08:49:50.226 [ApplicationImpl pooled thread 1805] INFO  com.browserstack.utils.Helpers - null
08:49:50.227 [ApplicationImpl pooled thread 1805] INFO  c.b.l.BrowserStackRunExtension - Agent path: null
